[debug] [2019-01-14T17:10:42.736Z] ----------------------------------------------------------------------
[debug] [2019-01-14T17:10:42.739Z] Command:       /usr/local/bin/node /usr/local/bin/firebase serve
[debug] [2019-01-14T17:10:42.739Z] CLI Version:   6.2.2
[debug] [2019-01-14T17:10:42.739Z] Platform:      darwin
[debug] [2019-01-14T17:10:42.739Z] Node Version:  v10.15.0
[debug] [2019-01-14T17:10:42.741Z] Time:          Mon Jan 14 2019 19:10:42 GMT+0200 (Eastern European Standard Time)
[debug] [2019-01-14T17:10:42.741Z] ----------------------------------------------------------------------
[debug] 
[debug] [2019-01-14T17:10:42.754Z] > command requires scopes: ["email","openid","https://www.googleapis.com/auth/cloudplatformprojects.readonly","https://www.googleapis.com/auth/firebase","https://www.googleapis.com/auth/cloud-platform"]
[debug] [2019-01-14T17:10:42.754Z] > authorizing via signed-in user
[debug] [2019-01-14T17:10:42.754Z] [iam] checking project spinzomedia for permissions ["firebase.projects.get"]
[debug] [2019-01-14T17:10:42.757Z] >>> HTTP REQUEST POST https://cloudresourcemanager.googleapis.com/v1/projects/spinzomedia:testIamPermissions  

[debug] [2019-01-14T17:10:44.227Z] <<< HTTP RESPONSE 200
[debug] [2019-01-14T17:10:44.229Z] >>> HTTP REQUEST GET https://cloudresourcemanager.googleapis.com/v1/projects/spinzomedia  
 
[debug] [2019-01-14T17:10:45.450Z] <<< HTTP RESPONSE 200
[info] 
[info] === Serving from '/Users/anmolpatil/Desktop/Spinzomedia'...
[info] 
[debug] [2019-01-14T17:10:45.453Z] >>> HTTP REQUEST GET https://mobilesdk-pa.googleapis.com/v1/projects/290262246580/clients/_:getWebAppConfig  
 
[debug] [2019-01-14T17:10:46.369Z] <<< HTTP RESPONSE 200
[warn] ⚠  hosting: Port 5000 is not available. Trying another port...
[info] i  hosting: Serving hosting files from: public
[info] ✔  hosting: Local server: http://localhost:5005
